<?xml version="1.0" encoding="UTF-8"?>
<!-- Generated by org.testng.reporters.JUnitXMLReporter -->
<testsuite hostname="ShahnajSultana" ignored="0" name="Default test" tests="3" failures="0" timestamp="2021-10-30T21:11:42 BDT" time="0.047" errors="0">
  <testcase name="Factory1Method1" time="0.007" classname="com.TestNG.Factory.Factory1Test"/>
  <testcase name="Factory2Method1" time="0.002" classname="com.TestNG.Factory.Factory2Test"/>
  <testcase name="Factory2Method2" time="0.001" classname="com.TestNG.Factory.Factory2Test"/>
</testsuite> <!-- Default test -->
