<?xml version="1.0" encoding="UTF-8"?>
<!-- Generated by org.testng.reporters.JUnitXMLReporter -->
<testsuite hostname="ShahnajSultana" ignored="2" name="SimpleDemoTestCase" tests="2" failures="1" timestamp="2021-10-30T14:26:28 BDT" time="3.012" errors="0">
  <testcase name="login" time="0.014" classname="com.TestNG.TestNGDemo.HerokuAppDemo">
    <failure type="java.lang.ArithmeticException" message="/ by zero">
      <![CDATA[java.lang.ArithmeticException: / by zero
at com.TestNG.TestNGDemo.HerokuAppDemo.login(HerokuAppDemo.java:65)
at java.util.ArrayList.forEach(Unknown Source)
... Removed 27 stack frames]]>
    </failure>
  </testcase> <!-- login -->
  <testcase name="sendEmail" time="0.0" classname="com.TestNG.TestNGDemo.HerokuAppDemo">
    <skipped/>
  </testcase> <!-- sendEmail -->
  <testcase name="googleTitleTest" time="0.0" classname="com.TestNG.TestNGDemo.HerokuAppDemo">
    <ignored/>
  </testcase> <!-- googleTitleTest -->
  <testcase name="herokuLinkTest" time="0.0" classname="com.TestNG.TestNGDemo.HerokuAppDemo">
    <ignored/>
  </testcase> <!-- herokuLinkTest -->
</testsuite> <!-- SimpleDemoTestCase -->
