<?xml version="1.0" encoding="UTF-8"?>
<!-- Generated by org.testng.reporters.JUnitXMLReporter -->
<testsuite hostname="ShahnajSultana" ignored="0" name="ParallelMethod" tests="4" failures="0" timestamp="2021-10-30T19:26:02 BDT" time="20.695" errors="0">
  <testcase name="googleTitleTest" time="8.361" classname="com.TestNG.ParallelDemo.ParallelDemo"/>
  <testcase name="googleTitleTest" time="8.384" classname="com.TestNG.ParallelDemo.ParallelDemo2"/>
  <testcase name="herokuLinkTest" time="12.148" classname="com.TestNG.ParallelDemo.ParallelDemo2"/>
  <testcase name="herokuLinkTest" time="12.254" classname="com.TestNG.ParallelDemo.ParallelDemo"/>
</testsuite> <!-- ParallelMethod -->
